{"D:\\0 Microverse\\2023-01-09 Math-Magicians-Setup 5\\Math-Magicians-Setup-3\\src\\components\\Calculator.js": {"path":"D:\\0 Microverse\\2023-01-09 Math-Magicians-Setup 5\\Math-Magicians-Setup-3\\src\\components\\Calculator.js","statementMap":{"0":{"start":{"line":5,"column":13},"end":{"line":96,"column":1}},"1":{"start":{"line":6,"column":24},"end":{"line":10,"column":4}},"2":{"start":{"line":12,"column":26},"end":{"line":12,"column":29}},"3":{"start":{"line":14,"column":22},"end":{"line":17,"column":3}},"4":{"start":{"line":15,"column":19},"end":{"line":15,"column":55}},"5":{"start":{"line":16,"column":4},"end":{"line":16,"column":19}},"6":{"start":{"line":19,"column":2},"end":{"line":95,"column":4}}},"fnMap":{"0":{"name":"(anonymous_0)","decl":{"start":{"line":5,"column":13},"end":{"line":5,"column":14}},"loc":{"start":{"line":5,"column":19},"end":{"line":96,"column":1}},"line":5},"1":{"name":"(anonymous_1)","decl":{"start":{"line":14,"column":22},"end":{"line":14,"column":23}},"loc":{"start":{"line":14,"column":29},"end":{"line":17,"column":3}},"line":14}},"branchMap":{"0":{"loc":{"start":{"line":24,"column":33},"end":{"line":24,"column":46}},"type":"binary-expr","locations":[{"start":{"line":24,"column":33},"end":{"line":24,"column":37}},{"start":{"line":24,"column":41},"end":{"line":24,"column":46}}],"line":24}},"s":{"0":1,"1":1,"2":1,"3":1,"4":0,"5":0,"6":1},"f":{"0":1,"1":0},"b":{"0":[1,1]},"_coverageSchema":"1a1c01bbd47fc00a2c39e90264f33305004495a9","hash":"2d3ef852a785159f8240bf674e36e931a1385e1b"}
,"D:\\0 Microverse\\2023-01-09 Math-Magicians-Setup 5\\Math-Magicians-Setup-3\\src\\logic\\calculate.js": {"path":"D:\\0 Microverse\\2023-01-09 Math-Magicians-Setup 5\\Math-Magicians-Setup-3\\src\\logic\\calculate.js","statementMap":{"0":{"start":{"line":4,"column":2},"end":{"line":4,"column":32}},"1":{"start":{"line":17,"column":2},"end":{"line":23,"column":3}},"2":{"start":{"line":18,"column":4},"end":{"line":22,"column":6}},"3":{"start":{"line":25,"column":2},"end":{"line":47,"column":3}},"4":{"start":{"line":26,"column":4},"end":{"line":28,"column":5}},"5":{"start":{"line":27,"column":6},"end":{"line":27,"column":16}},"6":{"start":{"line":30,"column":4},"end":{"line":35,"column":5}},"7":{"start":{"line":31,"column":6},"end":{"line":33,"column":7}},"8":{"start":{"line":32,"column":8},"end":{"line":32,"column":55}},"9":{"start":{"line":34,"column":6},"end":{"line":34,"column":42}},"10":{"start":{"line":37,"column":4},"end":{"line":42,"column":5}},"11":{"start":{"line":38,"column":6},"end":{"line":41,"column":8}},"12":{"start":{"line":43,"column":4},"end":{"line":46,"column":6}},"13":{"start":{"line":49,"column":2},"end":{"line":66,"column":3}},"14":{"start":{"line":50,"column":4},"end":{"line":55,"column":5}},"15":{"start":{"line":51,"column":6},"end":{"line":53,"column":7}},"16":{"start":{"line":52,"column":8},"end":{"line":52,"column":26}},"17":{"start":{"line":54,"column":6},"end":{"line":54,"column":46}},"18":{"start":{"line":56,"column":4},"end":{"line":58,"column":5}},"19":{"start":{"line":57,"column":6},"end":{"line":57,"column":36}},"20":{"start":{"line":59,"column":4},"end":{"line":64,"column":5}},"21":{"start":{"line":60,"column":6},"end":{"line":62,"column":7}},"22":{"start":{"line":61,"column":8},"end":{"line":61,"column":18}},"23":{"start":{"line":63,"column":6},"end":{"line":63,"column":47}},"24":{"start":{"line":65,"column":4},"end":{"line":65,"column":34}},"25":{"start":{"line":68,"column":2},"end":{"line":78,"column":3}},"26":{"start":{"line":69,"column":4},"end":{"line":75,"column":5}},"27":{"start":{"line":70,"column":6},"end":{"line":74,"column":8}},"28":{"start":{"line":77,"column":4},"end":{"line":77,"column":14}},"29":{"start":{"line":80,"column":2},"end":{"line":88,"column":3}},"30":{"start":{"line":81,"column":4},"end":{"line":83,"column":5}},"31":{"start":{"line":82,"column":6},"end":{"line":82,"column":70}},"32":{"start":{"line":84,"column":4},"end":{"line":86,"column":5}},"33":{"start":{"line":85,"column":6},"end":{"line":85,"column":72}},"34":{"start":{"line":87,"column":4},"end":{"line":87,"column":14}},"35":{"start":{"line":99,"column":2},"end":{"line":101,"column":3}},"36":{"start":{"line":100,"column":4},"end":{"line":100,"column":45}},"37":{"start":{"line":104,"column":2},"end":{"line":118,"column":3}},"38":{"start":{"line":105,"column":4},"end":{"line":107,"column":5}},"39":{"start":{"line":106,"column":6},"end":{"line":106,"column":47}},"40":{"start":{"line":109,"column":4},"end":{"line":111,"column":5}},"41":{"start":{"line":110,"column":6},"end":{"line":110,"column":49}},"42":{"start":{"line":113,"column":4},"end":{"line":117,"column":6}},"43":{"start":{"line":123,"column":2},"end":{"line":125,"column":3}},"44":{"start":{"line":124,"column":4},"end":{"line":124,"column":37}},"45":{"start":{"line":128,"column":2},"end":{"line":132,"column":4}}},"fnMap":{"0":{"name":"isNumber","decl":{"start":{"line":3,"column":9},"end":{"line":3,"column":17}},"loc":{"start":{"line":3,"column":24},"end":{"line":5,"column":1}},"line":3},"1":{"name":"calculate","decl":{"start":{"line":16,"column":24},"end":{"line":16,"column":33}},"loc":{"start":{"line":16,"column":51},"end":{"line":133,"column":1}},"line":16}},"branchMap":{"0":{"loc":{"start":{"line":17,"column":2},"end":{"line":23,"column":3}},"type":"if","locations":[{"start":{"line":17,"column":2},"end":{"line":23,"column":3}},{"start":{},"end":{}}],"line":17},"1":{"loc":{"start":{"line":25,"column":2},"end":{"line":47,"column":3}},"type":"if","locations":[{"start":{"line":25,"column":2},"end":{"line":47,"column":3}},{"start":{},"end":{}}],"line":25},"2":{"loc":{"start":{"line":26,"column":4},"end":{"line":28,"column":5}},"type":"if","locations":[{"start":{"line":26,"column":4},"end":{"line":28,"column":5}},{"start":{},"end":{}}],"line":26},"3":{"loc":{"start":{"line":26,"column":8},"end":{"line":26,"column":46}},"type":"binary-expr","locations":[{"start":{"line":26,"column":8},"end":{"line":26,"column":26}},{"start":{"line":26,"column":30},"end":{"line":26,"column":46}}],"line":26},"4":{"loc":{"start":{"line":30,"column":4},"end":{"line":35,"column":5}},"type":"if","locations":[{"start":{"line":30,"column":4},"end":{"line":35,"column":5}},{"start":{},"end":{}}],"line":30},"5":{"loc":{"start":{"line":31,"column":6},"end":{"line":33,"column":7}},"type":"if","locations":[{"start":{"line":31,"column":6},"end":{"line":33,"column":7}},{"start":{},"end":{}}],"line":31},"6":{"loc":{"start":{"line":31,"column":10},"end":{"line":31,"column":38}},"type":"binary-expr","locations":[{"start":{"line":31,"column":10},"end":{"line":31,"column":18}},{"start":{"line":31,"column":22},"end":{"line":31,"column":38}}],"line":31},"7":{"loc":{"start":{"line":37,"column":4},"end":{"line":42,"column":5}},"type":"if","locations":[{"start":{"line":37,"column":4},"end":{"line":42,"column":5}},{"start":{},"end":{}}],"line":37},"8":{"loc":{"start":{"line":37,"column":8},"end":{"line":37,"column":36}},"type":"binary-expr","locations":[{"start":{"line":37,"column":8},"end":{"line":37,"column":16}},{"start":{"line":37,"column":20},"end":{"line":37,"column":36}}],"line":37},"9":{"loc":{"start":{"line":49,"column":2},"end":{"line":66,"column":3}},"type":"if","locations":[{"start":{"line":49,"column":2},"end":{"line":66,"column":3}},{"start":{},"end":{}}],"line":49},"10":{"loc":{"start":{"line":50,"column":4},"end":{"line":55,"column":5}},"type":"if","locations":[{"start":{"line":50,"column":4},"end":{"line":55,"column":5}},{"start":{},"end":{}}],"line":50},"11":{"loc":{"start":{"line":51,"column":6},"end":{"line":53,"column":7}},"type":"if","locations":[{"start":{"line":51,"column":6},"end":{"line":53,"column":7}},{"start":{},"end":{}}],"line":51},"12":{"loc":{"start":{"line":56,"column":4},"end":{"line":58,"column":5}},"type":"if","locations":[{"start":{"line":56,"column":4},"end":{"line":58,"column":5}},{"start":{},"end":{}}],"line":56},"13":{"loc":{"start":{"line":59,"column":4},"end":{"line":64,"column":5}},"type":"if","locations":[{"start":{"line":59,"column":4},"end":{"line":64,"column":5}},{"start":{},"end":{}}],"line":59},"14":{"loc":{"start":{"line":60,"column":6},"end":{"line":62,"column":7}},"type":"if","locations":[{"start":{"line":60,"column":6},"end":{"line":62,"column":7}},{"start":{},"end":{}}],"line":60},"15":{"loc":{"start":{"line":68,"column":2},"end":{"line":78,"column":3}},"type":"if","locations":[{"start":{"line":68,"column":2},"end":{"line":78,"column":3}},{"start":{},"end":{}}],"line":68},"16":{"loc":{"start":{"line":69,"column":4},"end":{"line":75,"column":5}},"type":"if","locations":[{"start":{"line":69,"column":4},"end":{"line":75,"column":5}},{"start":{},"end":{}}],"line":69},"17":{"loc":{"start":{"line":69,"column":8},"end":{"line":69,"column":33}},"type":"binary-expr","locations":[{"start":{"line":69,"column":8},"end":{"line":69,"column":16}},{"start":{"line":69,"column":20},"end":{"line":69,"column":33}}],"line":69},"18":{"loc":{"start":{"line":80,"column":2},"end":{"line":88,"column":3}},"type":"if","locations":[{"start":{"line":80,"column":2},"end":{"line":88,"column":3}},{"start":{},"end":{}}],"line":80},"19":{"loc":{"start":{"line":81,"column":4},"end":{"line":83,"column":5}},"type":"if","locations":[{"start":{"line":81,"column":4},"end":{"line":83,"column":5}},{"start":{},"end":{}}],"line":81},"20":{"loc":{"start":{"line":84,"column":4},"end":{"line":86,"column":5}},"type":"if","locations":[{"start":{"line":84,"column":4},"end":{"line":86,"column":5}},{"start":{},"end":{}}],"line":84},"21":{"loc":{"start":{"line":99,"column":2},"end":{"line":101,"column":3}},"type":"if","locations":[{"start":{"line":99,"column":2},"end":{"line":101,"column":3}},{"start":{},"end":{}}],"line":99},"22":{"loc":{"start":{"line":99,"column":6},"end":{"line":99,"column":46}},"type":"binary-expr","locations":[{"start":{"line":99,"column":6},"end":{"line":99,"column":15}},{"start":{"line":99,"column":19},"end":{"line":99,"column":28}},{"start":{"line":99,"column":32},"end":{"line":99,"column":46}}],"line":99},"23":{"loc":{"start":{"line":104,"column":2},"end":{"line":118,"column":3}},"type":"if","locations":[{"start":{"line":104,"column":2},"end":{"line":118,"column":3}},{"start":{},"end":{}}],"line":104},"24":{"loc":{"start":{"line":105,"column":4},"end":{"line":107,"column":5}},"type":"if","locations":[{"start":{"line":105,"column":4},"end":{"line":107,"column":5}},{"start":{},"end":{}}],"line":105},"25":{"loc":{"start":{"line":105,"column":8},"end":{"line":105,"column":30}},"type":"binary-expr","locations":[{"start":{"line":105,"column":8},"end":{"line":105,"column":17}},{"start":{"line":105,"column":21},"end":{"line":105,"column":30}}],"line":105},"26":{"loc":{"start":{"line":109,"column":4},"end":{"line":111,"column":5}},"type":"if","locations":[{"start":{"line":109,"column":4},"end":{"line":111,"column":5}},{"start":{},"end":{}}],"line":109},"27":{"loc":{"start":{"line":123,"column":2},"end":{"line":125,"column":3}},"type":"if","locations":[{"start":{"line":123,"column":2},"end":{"line":125,"column":3}},{"start":{},"end":{}}],"line":123}},"s":{"0":10,"1":11,"2":1,"3":10,"4":4,"5":1,"6":3,"7":2,"8":1,"9":1,"10":1,"11":1,"12":0,"13":6,"14":2,"15":2,"16":1,"17":1,"18":0,"19":0,"20":0,"21":0,"22":0,"23":0,"24":0,"25":4,"26":0,"27":0,"28":0,"29":4,"30":2,"31":2,"32":0,"33":0,"34":0,"35":2,"36":1,"37":1,"38":1,"39":1,"40":0,"41":0,"42":0,"43":0,"44":0,"45":0},"f":{"0":10,"1":11},"b":{"0":[1,10],"1":[4,6],"2":[1,3],"3":[4,1],"4":[2,1],"5":[1,1],"6":[2,2],"7":[1,0],"8":[1,1],"9":[2,4],"10":[2,0],"11":[1,1],"12":[0,0],"13":[0,0],"14":[0,0],"15":[0,4],"16":[0,0],"17":[0,0],"18":[2,2],"19":[2,0],"20":[0,0],"21":[1,1],"22":[2,2,2],"23":[1,0],"24":[1,0],"25":[1,1],"26":[0,0],"27":[0,0]},"_coverageSchema":"1a1c01bbd47fc00a2c39e90264f33305004495a9","hash":"d88cb91e86c4eea9d52530a20dcfc8ee145ea691"}
,"D:\\0 Microverse\\2023-01-09 Math-Magicians-Setup 5\\Math-Magicians-Setup-3\\src\\logic\\operate.js": {"path":"D:\\0 Microverse\\2023-01-09 Math-Magicians-Setup 5\\Math-Magicians-Setup-3\\src\\logic\\operate.js","statementMap":{"0":{"start":{"line":4,"column":14},"end":{"line":4,"column":28}},"1":{"start":{"line":5,"column":14},"end":{"line":5,"column":28}},"2":{"start":{"line":6,"column":2},"end":{"line":8,"column":3}},"3":{"start":{"line":7,"column":4},"end":{"line":7,"column":36}},"4":{"start":{"line":9,"column":2},"end":{"line":11,"column":3}},"5":{"start":{"line":10,"column":4},"end":{"line":10,"column":37}},"6":{"start":{"line":12,"column":2},"end":{"line":14,"column":3}},"7":{"start":{"line":13,"column":4},"end":{"line":13,"column":37}},"8":{"start":{"line":15,"column":2},"end":{"line":21,"column":3}},"9":{"start":{"line":16,"column":4},"end":{"line":20,"column":5}},"10":{"start":{"line":17,"column":6},"end":{"line":17,"column":37}},"11":{"start":{"line":19,"column":6},"end":{"line":19,"column":34}},"12":{"start":{"line":22,"column":2},"end":{"line":28,"column":3}},"13":{"start":{"line":23,"column":4},"end":{"line":27,"column":5}},"14":{"start":{"line":24,"column":6},"end":{"line":24,"column":37}},"15":{"start":{"line":26,"column":6},"end":{"line":26,"column":55}},"16":{"start":{"line":29,"column":2},"end":{"line":29,"column":50}}},"fnMap":{"0":{"name":"operate","decl":{"start":{"line":3,"column":24},"end":{"line":3,"column":31}},"loc":{"start":{"line":3,"column":65},"end":{"line":30,"column":1}},"line":3}},"branchMap":{"0":{"loc":{"start":{"line":6,"column":2},"end":{"line":8,"column":3}},"type":"if","locations":[{"start":{"line":6,"column":2},"end":{"line":8,"column":3}},{"start":{},"end":{}}],"line":6},"1":{"loc":{"start":{"line":9,"column":2},"end":{"line":11,"column":3}},"type":"if","locations":[{"start":{"line":9,"column":2},"end":{"line":11,"column":3}},{"start":{},"end":{}}],"line":9},"2":{"loc":{"start":{"line":12,"column":2},"end":{"line":14,"column":3}},"type":"if","locations":[{"start":{"line":12,"column":2},"end":{"line":14,"column":3}},{"start":{},"end":{}}],"line":12},"3":{"loc":{"start":{"line":15,"column":2},"end":{"line":21,"column":3}},"type":"if","locations":[{"start":{"line":15,"column":2},"end":{"line":21,"column":3}},{"start":{},"end":{}}],"line":15},"4":{"loc":{"start":{"line":22,"column":2},"end":{"line":28,"column":3}},"type":"if","locations":[{"start":{"line":22,"column":2},"end":{"line":28,"column":3}},{"start":{},"end":{}}],"line":22}},"s":{"0":7,"1":7,"2":7,"3":1,"4":6,"5":1,"6":5,"7":1,"8":4,"9":2,"10":2,"11":1,"12":2,"13":2,"14":2,"15":1,"16":0},"f":{"0":7},"b":{"0":[1,6],"1":[1,5],"2":[1,4],"3":[2,2],"4":[2,0]},"_coverageSchema":"1a1c01bbd47fc00a2c39e90264f33305004495a9","hash":"5cfb06dd2446c66f32921b6234e6e85f447109b0"}
}
