TN:
SF:src\components\Calculator.js
FN:5,(anonymous_0)
FN:14,(anonymous_1)
FNF:2
FNH:1
FNDA:1,(anonymous_0)
FNDA:0,(anonymous_1)
DA:5,1
DA:6,1
DA:12,1
DA:14,1
DA:15,0
DA:16,0
DA:19,1
LF:7
LH:5
BRDA:24,0,0,1
BRDA:24,0,1,1
BRF:2
BRH:2
end_of_record
TN:
SF:src\logic\calculate.js
FN:3,isNumber
FN:16,calculate
FNF:2
FNH:2
FNDA:10,isNumber
FNDA:11,calculate
DA:4,10
DA:17,11
DA:18,1
DA:25,10
DA:26,4
DA:27,1
DA:30,3
DA:31,2
DA:32,1
DA:34,1
DA:37,1
DA:38,1
DA:43,0
DA:49,6
DA:50,2
DA:51,2
DA:52,1
DA:54,1
DA:56,0
DA:57,0
DA:59,0
DA:60,0
DA:61,0
DA:63,0
DA:65,0
DA:68,4
DA:69,0
DA:70,0
DA:77,0
DA:80,4
DA:81,2
DA:82,2
DA:84,0
DA:85,0
DA:87,0
DA:99,2
DA:100,1
DA:104,1
DA:105,1
DA:106,1
DA:109,0
DA:110,0
DA:113,0
DA:123,0
DA:124,0
DA:128,0
LF:46
LH:26
BRDA:17,0,0,1
BRDA:17,0,1,10
BRDA:25,1,0,4
BRDA:25,1,1,6
BRDA:26,2,0,1
BRDA:26,2,1,3
BRDA:26,3,0,4
BRDA:26,3,1,1
BRDA:30,4,0,2
BRDA:30,4,1,1
BRDA:31,5,0,1
BRDA:31,5,1,1
BRDA:31,6,0,2
BRDA:31,6,1,2
BRDA:37,7,0,1
BRDA:37,7,1,0
BRDA:37,8,0,1
BRDA:37,8,1,1
BRDA:49,9,0,2
BRDA:49,9,1,4
BRDA:50,10,0,2
BRDA:50,10,1,0
BRDA:51,11,0,1
BRDA:51,11,1,1
BRDA:56,12,0,0
BRDA:56,12,1,0
BRDA:59,13,0,0
BRDA:59,13,1,0
BRDA:60,14,0,0
BRDA:60,14,1,0
BRDA:68,15,0,0
BRDA:68,15,1,4
BRDA:69,16,0,0
BRDA:69,16,1,0
BRDA:69,17,0,0
BRDA:69,17,1,0
BRDA:80,18,0,2
BRDA:80,18,1,2
BRDA:81,19,0,2
BRDA:81,19,1,0
BRDA:84,20,0,0
BRDA:84,20,1,0
BRDA:99,21,0,1
BRDA:99,21,1,1
BRDA:99,22,0,2
BRDA:99,22,1,2
BRDA:99,22,2,2
BRDA:104,23,0,1
BRDA:104,23,1,0
BRDA:105,24,0,1
BRDA:105,24,1,0
BRDA:105,25,0,1
BRDA:105,25,1,1
BRDA:109,26,0,0
BRDA:109,26,1,0
BRDA:123,27,0,0
BRDA:123,27,1,0
BRF:57
BRH:35
end_of_record
TN:
SF:src\logic\operate.js
FN:3,operate
FNF:1
FNH:1
FNDA:7,operate
DA:4,7
DA:5,7
DA:6,7
DA:7,1
DA:9,6
DA:10,1
DA:12,5
DA:13,1
DA:15,4
DA:16,2
DA:17,2
DA:19,1
DA:22,2
DA:23,2
DA:24,2
DA:26,1
DA:29,0
LF:17
LH:16
BRDA:6,0,0,1
BRDA:6,0,1,6
BRDA:9,1,0,1
BRDA:9,1,1,5
BRDA:12,2,0,1
BRDA:12,2,1,4
BRDA:15,3,0,2
BRDA:15,3,1,2
BRDA:22,4,0,2
BRDA:22,4,1,0
BRF:10
BRH:9
end_of_record
